[2021-04-13 21:41:14:806][main] INFO  com.musinsa.url.App - Starting App using Java 11.0.9.1 on 055055s-MacBook-Pro.local with PID 24447 (/Users/a055055/project/musinsa/url-shortener/out/production/classes started by a055055 in /Users/a055055/project/musinsa)
[2021-04-13 21:41:14:806][main] INFO  com.musinsa.url.App - Starting App using Java 11.0.9.1 on 055055s-MacBook-Pro.local with PID 24447 (/Users/a055055/project/musinsa/url-shortener/out/production/classes started by a055055 in /Users/a055055/project/musinsa)
[2021-04-13 21:41:14:810][main] DEBUG com.musinsa.url.App - Running with Spring Boot v2.4.1, Spring v5.3.2
[2021-04-13 21:41:14:810][main] DEBUG com.musinsa.url.App - Running with Spring Boot v2.4.1, Spring v5.3.2
[2021-04-13 21:41:14:811][main] INFO  com.musinsa.url.App - No active profile set, falling back to default profiles: default
[2021-04-13 21:41:14:811][main] INFO  com.musinsa.url.App - No active profile set, falling back to default profiles: default
[2021-04-13 21:41:15:1814][main] INFO  o.s.d.r.c.RepositoryConfigurationDelegate - Bootstrapping Spring Data JPA repositories in DEFAULT mode.
[2021-04-13 21:41:15:1879][main] INFO  o.s.d.r.c.RepositoryConfigurationDelegate - Finished Spring Data repository scanning in 56 ms. Found 1 JPA repository interfaces.
[2021-04-13 21:41:15:2350][main] INFO  o.s.b.w.e.tomcat.TomcatWebServer - Tomcat initialized with port(s): 8081 (http)
[2021-04-13 21:41:15:2361][main] INFO  o.a.catalina.core.StandardService - Starting service [Tomcat]
[2021-04-13 21:41:15:2361][main] INFO  o.a.catalina.core.StandardEngine - Starting Servlet engine: [Apache Tomcat/9.0.41]
[2021-04-13 21:41:15:2448][main] INFO  o.a.c.c.C.[Tomcat].[localhost].[/] - Initializing Spring embedded WebApplicationContext
[2021-04-13 21:41:15:2448][main] INFO  o.s.b.w.s.c.ServletWebServerApplicationContext - Root WebApplicationContext: initialization completed in 1593 ms
[2021-04-13 21:41:15:2629][main] INFO  o.s.b.a.h.H2ConsoleAutoConfiguration - H2 console available at '/h2-console'. Database available at 'jdbc:h2:mem:testdb'
[2021-04-13 21:41:15:2749][main] INFO  o.h.jpa.internal.util.LogHelper - HHH000204: Processing PersistenceUnitInfo [name: default]
[2021-04-13 21:41:16:2808][main] INFO  org.hibernate.Version - HHH000412: Hibernate ORM core version 5.4.25.Final
[2021-04-13 21:41:16:2968][main] INFO  o.h.annotations.common.Version - HCANN000001: Hibernate Commons Annotations {5.1.2.Final}
[2021-04-13 21:41:16:3080][main] INFO  org.hibernate.dialect.Dialect - HHH000400: Using dialect: org.hibernate.dialect.H2Dialect
[2021-04-13 21:41:16:3729][main] INFO  o.h.e.t.j.p.i.JtaPlatformInitiator - HHH000490: Using JtaPlatform implementation: [org.hibernate.engine.transaction.jta.platform.internal.NoJtaPlatform]
[2021-04-13 21:41:16:3739][main] INFO  o.s.o.j.LocalContainerEntityManagerFactoryBean - Initialized JPA EntityManagerFactory for persistence unit 'default'
[2021-04-13 21:41:17:4111][main] WARN  o.s.b.a.o.j.JpaBaseConfiguration$JpaWebConfiguration - spring.jpa.open-in-view is enabled by default. Therefore, database queries may be performed during view rendering. Explicitly configure spring.jpa.open-in-view to disable this warning
[2021-04-13 21:41:17:4196][main] INFO  o.s.s.c.ThreadPoolTaskExecutor - Initializing ExecutorService 'applicationTaskExecutor'
[2021-04-13 21:41:17:4526][main] INFO  o.s.b.w.e.tomcat.TomcatWebServer - Tomcat started on port(s): 8081 (http) with context path ''
[2021-04-13 21:41:17:4535][main] INFO  com.musinsa.url.App - Started App in 4.294 seconds (JVM running for 12.039)
[2021-04-13 21:41:17:4535][main] INFO  com.musinsa.url.App - Started App in 4.294 seconds (JVM running for 12.039)
[2021-04-13 21:41:17:4657][main] TRACE o.h.type.descriptor.sql.BasicBinder - binding parameter [1] as [VARCHAR] - [http://localhost:8081/v1/short-url/table]
[2021-04-13 21:41:17:4707][main] TRACE o.h.type.descriptor.sql.BasicBinder - binding parameter [1] as [TIMESTAMP] - [2021-04-13T21:41:17.888289]
[2021-04-13 21:41:17:4712][main] TRACE o.h.type.descriptor.sql.BasicBinder - binding parameter [2] as [TIMESTAMP] - [2021-04-13T21:41:17.888289]
[2021-04-13 21:41:17:4712][main] TRACE o.h.type.descriptor.sql.BasicBinder - binding parameter [3] as [VARCHAR] - [null]
[2021-04-13 21:41:17:4712][main] TRACE o.h.type.descriptor.sql.BasicBinder - binding parameter [4] as [VARCHAR] - [http://localhost:8081/v1/short-url/table]
[2021-04-13 21:41:17:4713][main] TRACE o.h.type.descriptor.sql.BasicBinder - binding parameter [5] as [BIGINT] - [0]
[2021-04-13 21:41:17:4713][main] TRACE o.h.type.descriptor.sql.BasicBinder - binding parameter [6] as [VARCHAR] - [null]
[2021-04-13 21:41:17:4719][main] DEBUG com.musinsa.encoder.ShortUrlEncoder - short url suffix : c1
[2021-04-13 21:41:17:4719][main] DEBUG com.musinsa.encoder.ShortUrlEncoder - short url suffix : c1
[2021-04-13 21:41:17:4726][main] TRACE o.h.type.descriptor.sql.BasicBinder - binding parameter [1] as [TIMESTAMP] - [2021-04-13T21:41:17.888289]
[2021-04-13 21:41:17:4726][main] TRACE o.h.type.descriptor.sql.BasicBinder - binding parameter [2] as [TIMESTAMP] - [2021-04-13T21:41:17.926295]
[2021-04-13 21:41:17:4727][main] TRACE o.h.type.descriptor.sql.BasicBinder - binding parameter [3] as [VARCHAR] - [/c1]
[2021-04-13 21:41:17:4727][main] TRACE o.h.type.descriptor.sql.BasicBinder - binding parameter [4] as [VARCHAR] - [http://localhost:8081/v1/short-url/table]
[2021-04-13 21:41:17:4727][main] TRACE o.h.type.descriptor.sql.BasicBinder - binding parameter [5] as [BIGINT] - [1]
[2021-04-13 21:41:17:4727][main] TRACE o.h.type.descriptor.sql.BasicBinder - binding parameter [6] as [VARCHAR] - [http://localhost:8081/c1]
[2021-04-13 21:41:17:4727][main] TRACE o.h.type.descriptor.sql.BasicBinder - binding parameter [7] as [BIGINT] - [1]
[2021-04-13 21:41:34:21689][http-nio-8081-exec-1] INFO  o.a.c.c.C.[Tomcat].[localhost].[/] - Initializing Spring DispatcherServlet 'dispatcherServlet'
[2021-04-13 21:41:34:21690][http-nio-8081-exec-1] INFO  o.s.web.servlet.DispatcherServlet - Initializing Servlet 'dispatcherServlet'
[2021-04-13 21:41:34:21691][http-nio-8081-exec-1] INFO  o.s.web.servlet.DispatcherServlet - Completed initialization in 1 ms
[2021-04-13 21:41:45:32528][http-nio-8081-exec-5] TRACE o.h.type.descriptor.sql.BasicBinder - binding parameter [1] as [VARCHAR] - [http://localhost:8080/v1/user/3]
[2021-04-13 21:41:45:32530][http-nio-8081-exec-5] TRACE o.h.type.descriptor.sql.BasicBinder - binding parameter [1] as [TIMESTAMP] - [2021-04-13T21:41:45.733663]
[2021-04-13 21:41:45:32530][http-nio-8081-exec-5] TRACE o.h.type.descriptor.sql.BasicBinder - binding parameter [2] as [TIMESTAMP] - [2021-04-13T21:41:45.733663]
[2021-04-13 21:41:45:32532][http-nio-8081-exec-5] TRACE o.h.type.descriptor.sql.BasicBinder - binding parameter [3] as [VARCHAR] - [null]
[2021-04-13 21:41:45:32532][http-nio-8081-exec-5] TRACE o.h.type.descriptor.sql.BasicBinder - binding parameter [4] as [VARCHAR] - [http://localhost:8080/v1/user/3]
[2021-04-13 21:41:45:32532][http-nio-8081-exec-5] TRACE o.h.type.descriptor.sql.BasicBinder - binding parameter [5] as [BIGINT] - [0]
[2021-04-13 21:41:45:32532][http-nio-8081-exec-5] TRACE o.h.type.descriptor.sql.BasicBinder - binding parameter [6] as [VARCHAR] - [null]
[2021-04-13 21:41:45:32533][http-nio-8081-exec-5] DEBUG com.musinsa.encoder.ShortUrlEncoder - short url suffix : E3
[2021-04-13 21:41:45:32533][http-nio-8081-exec-5] DEBUG com.musinsa.encoder.ShortUrlEncoder - short url suffix : E3
[2021-04-13 21:41:45:32534][http-nio-8081-exec-5] TRACE o.h.type.descriptor.sql.BasicBinder - binding parameter [1] as [TIMESTAMP] - [2021-04-13T21:41:45.733663]
[2021-04-13 21:41:45:32535][http-nio-8081-exec-5] TRACE o.h.type.descriptor.sql.BasicBinder - binding parameter [2] as [TIMESTAMP] - [2021-04-13T21:41:45.738360]
[2021-04-13 21:41:45:32535][http-nio-8081-exec-5] TRACE o.h.type.descriptor.sql.BasicBinder - binding parameter [3] as [VARCHAR] - [/E3]
[2021-04-13 21:41:45:32535][http-nio-8081-exec-5] TRACE o.h.type.descriptor.sql.BasicBinder - binding parameter [4] as [VARCHAR] - [http://localhost:8080/v1/user/3]
[2021-04-13 21:41:45:32535][http-nio-8081-exec-5] TRACE o.h.type.descriptor.sql.BasicBinder - binding parameter [5] as [BIGINT] - [1]
[2021-04-13 21:41:45:32535][http-nio-8081-exec-5] TRACE o.h.type.descriptor.sql.BasicBinder - binding parameter [6] as [VARCHAR] - [http://localhost:8080/E3]
[2021-04-13 21:41:45:32535][http-nio-8081-exec-5] TRACE o.h.type.descriptor.sql.BasicBinder - binding parameter [7] as [BIGINT] - [2]
[2021-04-13 21:43:26:132925][http-nio-8081-exec-9] DEBUG c.m.url.service.ShortUrlServiceImpl - key : {}/c1
[2021-04-13 21:43:26:132925][http-nio-8081-exec-9] DEBUG c.m.url.service.ShortUrlServiceImpl - key : {}/c1
[2021-04-13 21:43:26:132931][http-nio-8081-exec-9] TRACE o.h.type.descriptor.sql.BasicBinder - binding parameter [1] as [VARCHAR] - [/c1]
[2021-04-13 21:43:26:132934][http-nio-8081-exec-9] TRACE o.h.t.descriptor.sql.BasicExtractor - extracted value ([seq1_0_] : [BIGINT]) - [1]
[2021-04-13 21:43:26:132937][http-nio-8081-exec-9] TRACE o.h.t.descriptor.sql.BasicExtractor - extracted value ([create_d2_0_] : [TIMESTAMP]) - [2021-04-13T21:41:17.888289]
[2021-04-13 21:43:26:132938][http-nio-8081-exec-9] TRACE o.h.t.descriptor.sql.BasicExtractor - extracted value ([modified3_0_] : [TIMESTAMP]) - [2021-04-13T21:41:17.926295]
[2021-04-13 21:43:26:132939][http-nio-8081-exec-9] TRACE o.h.t.descriptor.sql.BasicExtractor - extracted value ([key4_0_] : [VARCHAR]) - [/c1]
[2021-04-13 21:43:26:132939][http-nio-8081-exec-9] TRACE o.h.t.descriptor.sql.BasicExtractor - extracted value ([origin_u5_0_] : [VARCHAR]) - [http://localhost:8081/v1/short-url/table]
[2021-04-13 21:43:26:132940][http-nio-8081-exec-9] TRACE o.h.t.descriptor.sql.BasicExtractor - extracted value ([req_coun6_0_] : [BIGINT]) - [1]
[2021-04-13 21:43:26:132940][http-nio-8081-exec-9] TRACE o.h.t.descriptor.sql.BasicExtractor - extracted value ([url7_0_] : [VARCHAR]) - [http://localhost:8081/c1]
[2021-04-13 21:43:26:133151][http-nio-8081-exec-1] TRACE o.h.t.descriptor.sql.BasicExtractor - extracted value ([seq1_0_] : [BIGINT]) - [1]
[2021-04-13 21:43:26:133151][http-nio-8081-exec-1] TRACE o.h.t.descriptor.sql.BasicExtractor - extracted value ([create_d2_0_] : [TIMESTAMP]) - [2021-04-13T21:41:17.888289]
[2021-04-13 21:43:26:133151][http-nio-8081-exec-1] TRACE o.h.t.descriptor.sql.BasicExtractor - extracted value ([modified3_0_] : [TIMESTAMP]) - [2021-04-13T21:41:17.926295]
[2021-04-13 21:43:26:133152][http-nio-8081-exec-1] TRACE o.h.t.descriptor.sql.BasicExtractor - extracted value ([key4_0_] : [VARCHAR]) - [/c1]
[2021-04-13 21:43:26:133152][http-nio-8081-exec-1] TRACE o.h.t.descriptor.sql.BasicExtractor - extracted value ([origin_u5_0_] : [VARCHAR]) - [http://localhost:8081/v1/short-url/table]
[2021-04-13 21:43:26:133152][http-nio-8081-exec-1] TRACE o.h.t.descriptor.sql.BasicExtractor - extracted value ([req_coun6_0_] : [BIGINT]) - [1]
[2021-04-13 21:43:26:133152][http-nio-8081-exec-1] TRACE o.h.t.descriptor.sql.BasicExtractor - extracted value ([url7_0_] : [VARCHAR]) - [http://localhost:8081/c1]
[2021-04-13 21:43:26:133152][http-nio-8081-exec-1] TRACE o.h.t.descriptor.sql.BasicExtractor - extracted value ([seq1_0_] : [BIGINT]) - [2]
[2021-04-13 21:43:26:133152][http-nio-8081-exec-1] TRACE o.h.t.descriptor.sql.BasicExtractor - extracted value ([create_d2_0_] : [TIMESTAMP]) - [2021-04-13T21:41:45.733663]
[2021-04-13 21:43:26:133152][http-nio-8081-exec-1] TRACE o.h.t.descriptor.sql.BasicExtractor - extracted value ([modified3_0_] : [TIMESTAMP]) - [2021-04-13T21:41:45.738360]
[2021-04-13 21:43:26:133152][http-nio-8081-exec-1] TRACE o.h.t.descriptor.sql.BasicExtractor - extracted value ([key4_0_] : [VARCHAR]) - [/E3]
[2021-04-13 21:43:26:133153][http-nio-8081-exec-1] TRACE o.h.t.descriptor.sql.BasicExtractor - extracted value ([origin_u5_0_] : [VARCHAR]) - [http://localhost:8080/v1/user/3]
[2021-04-13 21:43:26:133153][http-nio-8081-exec-1] TRACE o.h.t.descriptor.sql.BasicExtractor - extracted value ([req_coun6_0_] : [BIGINT]) - [1]
[2021-04-13 21:43:26:133153][http-nio-8081-exec-1] TRACE o.h.t.descriptor.sql.BasicExtractor - extracted value ([url7_0_] : [VARCHAR]) - [http://localhost:8080/E3]
[2021-04-13 21:47:09:356163][SpringContextShutdownHook] INFO  o.s.s.c.ThreadPoolTaskExecutor - Shutting down ExecutorService 'applicationTaskExecutor'
[2021-04-13 21:47:09:356167][SpringContextShutdownHook] INFO  o.s.o.j.LocalContainerEntityManagerFactoryBean - Closing JPA EntityManagerFactory for persistence unit 'default'
[2021-04-13 21:47:09:356167][SpringContextShutdownHook] INFO  o.h.t.s.i.SchemaDropperImpl$DelayedDropActionImpl - HHH000477: Starting delayed evictData of schema as part of SessionFactory shut-down'
[2021-04-13 21:47:27:752][main] INFO  com.musinsa.url.App - Starting App using Java 11.0.9.1 on 055055s-MacBook-Pro.local with PID 24518 (/Users/a055055/project/musinsa/url-shortener/out/production/classes started by a055055 in /Users/a055055/project/musinsa)
[2021-04-13 21:47:27:752][main] INFO  com.musinsa.url.App - Starting App using Java 11.0.9.1 on 055055s-MacBook-Pro.local with PID 24518 (/Users/a055055/project/musinsa/url-shortener/out/production/classes started by a055055 in /Users/a055055/project/musinsa)
[2021-04-13 21:47:27:754][main] DEBUG com.musinsa.url.App - Running with Spring Boot v2.4.1, Spring v5.3.2
[2021-04-13 21:47:27:754][main] DEBUG com.musinsa.url.App - Running with Spring Boot v2.4.1, Spring v5.3.2
[2021-04-13 21:47:27:755][main] INFO  com.musinsa.url.App - No active profile set, falling back to default profiles: default
[2021-04-13 21:47:27:755][main] INFO  com.musinsa.url.App - No active profile set, falling back to default profiles: default
[2021-04-13 21:47:28:1450][main] INFO  o.s.d.r.c.RepositoryConfigurationDelegate - Bootstrapping Spring Data JPA repositories in DEFAULT mode.
[2021-04-13 21:47:28:1488][main] INFO  o.s.d.r.c.RepositoryConfigurationDelegate - Finished Spring Data repository scanning in 32 ms. Found 1 JPA repository interfaces.
[2021-04-13 21:47:29:1966][main] INFO  o.s.b.w.e.tomcat.TomcatWebServer - Tomcat initialized with port(s): 8081 (http)
[2021-04-13 21:47:29:1977][main] INFO  o.a.catalina.core.StandardService - Starting service [Tomcat]
[2021-04-13 21:47:29:1978][main] INFO  o.a.catalina.core.StandardEngine - Starting Servlet engine: [Apache Tomcat/9.0.41]
[2021-04-13 21:47:29:2070][main] INFO  o.a.c.c.C.[Tomcat].[localhost].[/] - Initializing Spring embedded WebApplicationContext
[2021-04-13 21:47:29:2070][main] INFO  o.s.b.w.s.c.ServletWebServerApplicationContext - Root WebApplicationContext: initialization completed in 1271 ms
[2021-04-13 21:47:29:2278][main] INFO  o.s.b.a.h.H2ConsoleAutoConfiguration - H2 console available at '/h2-console'. Database available at 'jdbc:h2:mem:testdb'
[2021-04-13 21:47:29:2396][main] INFO  o.h.jpa.internal.util.LogHelper - HHH000204: Processing PersistenceUnitInfo [name: default]
[2021-04-13 21:47:29:2454][main] INFO  org.hibernate.Version - HHH000412: Hibernate ORM core version 5.4.25.Final
[2021-04-13 21:47:29:2638][main] INFO  o.h.annotations.common.Version - HCANN000001: Hibernate Commons Annotations {5.1.2.Final}
[2021-04-13 21:47:29:2753][main] INFO  org.hibernate.dialect.Dialect - HHH000400: Using dialect: org.hibernate.dialect.H2Dialect
[2021-04-13 21:47:30:3408][main] INFO  o.h.e.t.j.p.i.JtaPlatformInitiator - HHH000490: Using JtaPlatform implementation: [org.hibernate.engine.transaction.jta.platform.internal.NoJtaPlatform]
[2021-04-13 21:47:30:3416][main] INFO  o.s.o.j.LocalContainerEntityManagerFactoryBean - Initialized JPA EntityManagerFactory for persistence unit 'default'
[2021-04-13 21:47:30:3766][main] WARN  o.s.b.a.o.j.JpaBaseConfiguration$JpaWebConfiguration - spring.jpa.open-in-view is enabled by default. Therefore, database queries may be performed during view rendering. Explicitly configure spring.jpa.open-in-view to disable this warning
[2021-04-13 21:47:30:3851][main] INFO  o.s.s.c.ThreadPoolTaskExecutor - Initializing ExecutorService 'applicationTaskExecutor'
[2021-04-13 21:47:31:4094][main] INFO  o.s.b.w.e.tomcat.TomcatWebServer - Tomcat started on port(s): 8081 (http) with context path ''
[2021-04-13 21:47:31:4103][main] INFO  com.musinsa.url.App - Started App in 3.839 seconds (JVM running for 9.873)
[2021-04-13 21:47:31:4103][main] INFO  com.musinsa.url.App - Started App in 3.839 seconds (JVM running for 9.873)
[2021-04-13 21:47:31:4223][main] TRACE o.h.type.descriptor.sql.BasicBinder - binding parameter [1] as [VARCHAR] - [http://localhost:8081/v1/short-url/table]
[2021-04-13 21:47:31:4278][main] TRACE o.h.type.descriptor.sql.BasicBinder - binding parameter [1] as [TIMESTAMP] - [2021-04-13T21:47:31.315027]
[2021-04-13 21:47:31:4282][main] TRACE o.h.type.descriptor.sql.BasicBinder - binding parameter [2] as [TIMESTAMP] - [2021-04-13T21:47:31.315027]
[2021-04-13 21:47:31:4282][main] TRACE o.h.type.descriptor.sql.BasicBinder - binding parameter [3] as [VARCHAR] - [null]
[2021-04-13 21:47:31:4282][main] TRACE o.h.type.descriptor.sql.BasicBinder - binding parameter [4] as [VARCHAR] - [http://localhost:8081/v1/short-url/table]
[2021-04-13 21:47:31:4283][main] TRACE o.h.type.descriptor.sql.BasicBinder - binding parameter [5] as [BIGINT] - [0]
[2021-04-13 21:47:31:4283][main] TRACE o.h.type.descriptor.sql.BasicBinder - binding parameter [6] as [VARCHAR] - [null]
[2021-04-13 21:47:31:4289][main] DEBUG com.musinsa.encoder.ShortUrlEncoder - short url suffix : 1
[2021-04-13 21:47:31:4289][main] DEBUG com.musinsa.encoder.ShortUrlEncoder - short url suffix : 1
[2021-04-13 21:47:31:4298][main] TRACE o.h.type.descriptor.sql.BasicBinder - binding parameter [1] as [TIMESTAMP] - [2021-04-13T21:47:31.315027]
[2021-04-13 21:47:31:4298][main] TRACE o.h.type.descriptor.sql.BasicBinder - binding parameter [2] as [TIMESTAMP] - [2021-04-13T21:47:31.353450]
[2021-04-13 21:47:31:4298][main] TRACE o.h.type.descriptor.sql.BasicBinder - binding parameter [3] as [VARCHAR] - [/1]
[2021-04-13 21:47:31:4298][main] TRACE o.h.type.descriptor.sql.BasicBinder - binding parameter [4] as [VARCHAR] - [http://localhost:8081/v1/short-url/table]
[2021-04-13 21:47:31:4298][main] TRACE o.h.type.descriptor.sql.BasicBinder - binding parameter [5] as [BIGINT] - [1]
[2021-04-13 21:47:31:4299][main] TRACE o.h.type.descriptor.sql.BasicBinder - binding parameter [6] as [VARCHAR] - [http://localhost:8081/1]
[2021-04-13 21:47:31:4299][main] TRACE o.h.type.descriptor.sql.BasicBinder - binding parameter [7] as [BIGINT] - [1]
[2021-04-13 21:47:35:8300][http-nio-8081-exec-1] INFO  o.a.c.c.C.[Tomcat].[localhost].[/] - Initializing Spring DispatcherServlet 'dispatcherServlet'
[2021-04-13 21:47:35:8303][http-nio-8081-exec-1] INFO  o.s.web.servlet.DispatcherServlet - Initializing Servlet 'dispatcherServlet'
[2021-04-13 21:47:35:8305][http-nio-8081-exec-1] INFO  o.s.web.servlet.DispatcherServlet - Completed initialization in 1 ms
[2021-04-13 21:47:45:18588][http-nio-8081-exec-3] TRACE o.h.type.descriptor.sql.BasicBinder - binding parameter [1] as [VARCHAR] - [http://localhost:8080/v1/user/3]
[2021-04-13 21:47:45:18591][http-nio-8081-exec-3] TRACE o.h.type.descriptor.sql.BasicBinder - binding parameter [1] as [TIMESTAMP] - [2021-04-13T21:47:45.652355]
[2021-04-13 21:47:45:18592][http-nio-8081-exec-3] TRACE o.h.type.descriptor.sql.BasicBinder - binding parameter [2] as [TIMESTAMP] - [2021-04-13T21:47:45.652355]
[2021-04-13 21:47:45:18592][http-nio-8081-exec-3] TRACE o.h.type.descriptor.sql.BasicBinder - binding parameter [3] as [VARCHAR] - [null]
[2021-04-13 21:47:45:18592][http-nio-8081-exec-3] TRACE o.h.type.descriptor.sql.BasicBinder - binding parameter [4] as [VARCHAR] - [http://localhost:8080/v1/user/3]
[2021-04-13 21:47:45:18592][http-nio-8081-exec-3] TRACE o.h.type.descriptor.sql.BasicBinder - binding parameter [5] as [BIGINT] - [0]
[2021-04-13 21:47:45:18593][http-nio-8081-exec-3] TRACE o.h.type.descriptor.sql.BasicBinder - binding parameter [6] as [VARCHAR] - [null]
[2021-04-13 21:47:45:18595][http-nio-8081-exec-3] DEBUG com.musinsa.encoder.ShortUrlEncoder - short url suffix : 2
[2021-04-13 21:47:45:18595][http-nio-8081-exec-3] DEBUG com.musinsa.encoder.ShortUrlEncoder - short url suffix : 2
[2021-04-13 21:47:45:18596][http-nio-8081-exec-3] TRACE o.h.type.descriptor.sql.BasicBinder - binding parameter [1] as [TIMESTAMP] - [2021-04-13T21:47:45.652355]
[2021-04-13 21:47:45:18596][http-nio-8081-exec-3] TRACE o.h.type.descriptor.sql.BasicBinder - binding parameter [2] as [TIMESTAMP] - [2021-04-13T21:47:45.657066]
[2021-04-13 21:47:45:18597][http-nio-8081-exec-3] TRACE o.h.type.descriptor.sql.BasicBinder - binding parameter [3] as [VARCHAR] - [/2]
[2021-04-13 21:47:45:18597][http-nio-8081-exec-3] TRACE o.h.type.descriptor.sql.BasicBinder - binding parameter [4] as [VARCHAR] - [http://localhost:8080/v1/user/3]
[2021-04-13 21:47:45:18597][http-nio-8081-exec-3] TRACE o.h.type.descriptor.sql.BasicBinder - binding parameter [5] as [BIGINT] - [1]
[2021-04-13 21:47:45:18597][http-nio-8081-exec-3] TRACE o.h.type.descriptor.sql.BasicBinder - binding parameter [6] as [VARCHAR] - [http://localhost:8080/2]
[2021-04-13 21:47:45:18597][http-nio-8081-exec-3] TRACE o.h.type.descriptor.sql.BasicBinder - binding parameter [7] as [BIGINT] - [2]
[2021-04-13 21:50:06:159430][SpringContextShutdownHook] INFO  o.s.s.c.ThreadPoolTaskExecutor - Shutting down ExecutorService 'applicationTaskExecutor'
[2021-04-13 21:50:06:159434][SpringContextShutdownHook] INFO  o.s.o.j.LocalContainerEntityManagerFactoryBean - Closing JPA EntityManagerFactory for persistence unit 'default'
[2021-04-13 21:50:06:159434][SpringContextShutdownHook] INFO  o.h.t.s.i.SchemaDropperImpl$DelayedDropActionImpl - HHH000477: Starting delayed evictData of schema as part of SessionFactory shut-down'
